<?xml version="1.0" encoding="UTF-8"?>
<!-- Generated by org.testng.reporters.JUnitReportReporter -->
<testsuite skipped="0" hostname="DESKTOP-1JKDRF2" name="test.ValidLoginAndLogoutTest" tests="1" failures="0" timestamp="11 Jul 2020 05:38:40 GMT" time="75.077" errors="0">
  <testcase name="test_ValidLoginLogOut" time="75.077" classname="test.ValidLoginAndLogoutTest"/>
</testsuite> <!-- test.ValidLoginAndLogoutTest -->
